# JRE version: OpenJDK Runtime Environment (11.0.12+7) (build 11.0.12+7-b1504.28-7817840)
# Java VM: OpenJDK 64-Bit Server VM (11.0.12+7-b1504.28-7817840, mixed mode, tiered, compressed oops, g1 gc, windows-amd64)
Heap:
 garbage-first heap   total 225280K, used 188349K [0x0000000080000000, 0x0000000100000000)
  region size 1024K, 43 young (44032K), 5 survivors (5120K)
 Metaspace       used 127048K, capacity 130538K, committed 132284K, reserved 1163264K
  class space    used 16207K, capacity 17568K, committed 18276K, reserved 1048576K
GC Heap History (20 events):
Event: 74.744 GC heap after
{Heap after GC invocations=80 (full 0):
 garbage-first heap   total 225280K, used 144350K [0x0000000080000000, 0x0000000100000000)
  region size 1024K, 2 young (2048K), 2 survivors (2048K)
 Metaspace       used 121685K, capacity 125515K, committed 125628K, reserved 1157120K
  class space    used 15845K, capacity 17403K, committed 17508K, reserved 1048576K
}
Event: 74.923 GC heap before
{Heap before GC invocations=80 (full 0):
 garbage-first heap   total 225280K, used 182238K [0x0000000080000000, 0x0000000100000000)
  region size 1024K, 40 young (40960K), 2 survivors (2048K)
 Metaspace       used 122933K, capacity 126898K, committed 127164K, reserved 1159168K
  class space    used 16024K, capacity 17643K, committed 17764K, reserved 1048576K
}
Event: 74.927 GC heap after
{Heap after GC invocations=81 (full 0):
 garbage-first heap   total 225280K, used 145457K [0x0000000080000000, 0x0000000100000000)
  region size 1024K, 3 young (3072K), 3 survivors (3072K)
 Metaspace       used 122933K, capacity 126898K, committed 127164K, reserved 1159168K
  class space    used 16024K, capacity 17643K, committed 17764K, reserved 1048576K
}
Event: 75.077 GC heap before
{Heap before GC invocations=81 (full 0):
 garbage-first heap   total 225280K, used 184369K [0x0000000080000000, 0x0000000100000000)
  region size 1024K, 42 young (43008K), 3 survivors (3072K)
 Metaspace       used 123205K, capacity 127169K, committed 127420K, reserved 1159168K
  class space    used 16050K, capacity 17669K, committed 17764K, reserved 1048576K
}
Event: 75.080 GC heap after
{Heap after GC invocations=82 (full 0):
 garbage-first heap   total 225280K, used 145247K [0x0000000080000000, 0x0000000100000000)
  region size 1024K, 3 young (3072K), 3 survivors (3072K)
 Metaspace       used 123205K, capacity 127169K, committed 127420K, reserved 1159168K
  class space    used 16050K, capacity 17669K, committed 17764K, reserved 1048576K
}
Event: 75.281 GC heap before
{Heap before GC invocations=82 (full 0):
 garbage-first heap   total 225280K, used 186207K [0x0000000080000000, 0x0000000100000000)
  region size 1024K, 44 young (45056K), 3 survivors (3072K)
 Metaspace       used 123493K, capacity 127515K, committed 127676K, reserved 1159168K
  class space    used 16060K, capacity 17669K, committed 17764K, reserved 1048576K
}
Event: 75.284 GC heap after
{Heap after GC invocations=83 (full 0):
 garbage-first heap   total 225280K, used 144691K [0x0000000080000000, 0x0000000100000000)
  region size 1024K, 2 young (2048K), 2 survivors (2048K)
 Metaspace       used 123493K, capacity 127515K, committed 127676K, reserved 1159168K
  class space    used 16060K, capacity 17669K, committed 17764K, reserved 1048576K
}
Event: 76.014 GC heap before
{Heap before GC invocations=83 (full 0):
 garbage-first heap   total 225280K, used 188723K [0x0000000080000000, 0x0000000100000000)
  region size 1024K, 46 young (47104K), 2 survivors (2048K)
 Metaspace       used 126493K, capacity 130583K, committed 130620K, reserved 1161216K
  class space    used 16466K, capacity 18120K, committed 18148K, reserved 1048576K
}
Event: 76.019 GC heap after
{Heap after GC invocations=84 (full 0):
 garbage-first heap   total 225280K, used 147540K [0x0000000080000000, 0x0000000100000000)
  region size 1024K, 5 young (5120K), 5 survivors (5120K)
 Metaspace       used 126493K, capacity 130583K, committed 130620K, reserved 1161216K
  class space    used 16466K, capacity 18120K, committed 18148K, reserved 1048576K
}
Event: 76.083 GC heap before
{Heap before GC invocations=84 (full 0):
 garbage-first heap   total 225280K, used 165972K [0x0000000080000000, 0x0000000100000000)
  region size 1024K, 6 young (6144K), 5 survivors (5120K)
 Metaspace       used 126523K, capacity 130647K, committed 130876K, reserved 1163264K
  class space    used 16469K, capacity 18120K, committed 18148K, reserved 1048576K
}
Event: 76.088 GC heap after
{Heap after GC invocations=85 (full 0):
 garbage-first heap   total 225280K, used 166361K [0x0000000080000000, 0x0000000100000000)
  region size 1024K, 4 young (4096K), 4 survivors (4096K)
 Metaspace       used 126523K, capacity 130647K, committed 130876K, reserved 1163264K
  class space    used 16469K, capacity 18120K, committed 18148K, reserved 1048576K
}
Event: 148.354 GC heap before
{Heap before GC invocations=86 (full 0):
 garbage-first heap   total 225280K, used 189913K [0x0000000080000000, 0x0000000100000000)
  region size 1024K, 27 young (27648K), 4 survivors (4096K)
 Metaspace       used 126619K, capacity 130233K, committed 131772K, reserved 1163264K
  class space    used 16293K, capacity 17689K, committed 18276K, reserved 1048576K
}
Event: 148.360 GC heap after
{Heap after GC invocations=87 (full 0):
 garbage-first heap   total 225280K, used 147432K [0x0000000080000000, 0x0000000100000000)
  region size 1024K, 3 young (3072K), 3 survivors (3072K)
 Metaspace       used 126619K, capacity 130233K, committed 131772K, reserved 1163264K
  class space    used 16293K, capacity 17689K, committed 18276K, reserved 1048576K
}
Event: 148.422 GC heap before
{Heap before GC invocations=87 (full 0):
 garbage-first heap   total 225280K, used 155624K [0x0000000080000000, 0x0000000100000000)
  region size 1024K, 11 young (11264K), 3 survivors (3072K)
 Metaspace       used 126654K, capacity 130233K, committed 131772K, reserved 1163264K
  class space    used 16293K, capacity 17689K, committed 18276K, reserved 1048576K
}
Event: 148.427 GC heap after
{Heap after GC invocations=88 (full 0):
 garbage-first heap   total 225280K, used 141146K [0x0000000080000000, 0x0000000100000000)
  region size 1024K, 1 young (1024K), 1 survivors (1024K)
 Metaspace       used 126654K, capacity 130233K, committed 131772K, reserved 1163264K
  class space    used 16293K, capacity 17689K, committed 18276K, reserved 1048576K
}
Event: 148.848 GC heap before
{Heap before GC invocations=88 (full 0):
 garbage-first heap   total 225280K, used 183130K [0x0000000080000000, 0x0000000100000000)
  region size 1024K, 43 young (44032K), 1 survivors (1024K)
 Metaspace       used 127094K, capacity 130759K, committed 132028K, reserved 1163264K
  class space    used 16300K, capacity 17702K, committed 18276K, reserved 1048576K
}
Event: 148.855 GC heap after
{Heap after GC invocations=89 (full 0):
 garbage-first heap   total 225280K, used 146679K [0x0000000080000000, 0x0000000100000000)
  region size 1024K, 6 young (6144K), 6 survivors (6144K)
 Metaspace       used 127094K, capacity 130759K, committed 132028K, reserved 1163264K
  class space    used 16300K, capacity 17702K, committed 18276K, reserved 1048576K
}
Event: 149.194 GC heap before
{Heap before GC invocations=89 (full 0):
 garbage-first heap   total 225280K, used 185591K [0x0000000080000000, 0x0000000100000000)
  region size 1024K, 44 young (45056K), 6 survivors (6144K)
 Metaspace       used 127243K, capacity 130849K, committed 132284K, reserved 1163264K
  class space    used 16303K, capacity 17708K, committed 18276K, reserved 1048576K
}
Event: 149.202 GC heap after
{Heap after GC invocations=90 (full 0):
 garbage-first heap   total 225280K, used 149437K [0x0000000080000000, 0x0000000100000000)
  region size 1024K, 3 young (3072K), 3 survivors (3072K)
 Metaspace       used 127243K, capacity 130849K, committed 132284K, reserved 1163264K
  class space    used 16303K, capacity 17708K, committed 18276K, reserved 1048576K
}
Event: 199.093 GC heap before
{Heap before GC invocations=91 (full 0):
 garbage-first heap   total 225280K, used 187325K [0x0000000080000000, 0x0000000100000000)
  region size 1024K, 41 young (41984K), 3 survivors (3072K)
 Metaspace       used 127048K, capacity 130538K, committed 132284K, reserved 1163264K
  class space    used 16207K, capacity 17568K, committed 18276K, reserved 1048576K
}

